000
010
020
021
022
030
040
041
042
043
044
045
046
050
051
070
071
080
081
090
120
130
140
141
142
143
144
145
146
147
148
149
150
151
152
153
154
155
156
157
158
159
160
161
162
163
164
165
166
200
203
206
210
213
216
220
230
235
240
245
250
253
260
265
266
290
299
300
305
310
320
323
324
325
330
335
340
341
350
355
360
365
370
375
380
390
395
399
400
410
415
416
417
420
421
422
430
431
435
440
450
455
460
470
480
481
482
483
484
499
500
510
520
523
525
530
535
540
550
560
580
585
590
599
600
610
620
630
640
650
699
